Start testing: Sep 06 19:24 CEST
----------------------------------------------------------
1/1 Testing: tuinator-tests
1/1 Test: tuinator-tests
Command: "/home/Leodoras/Dev/Coditary/core/Tuinator/build-lib/tuinator-tests"
Directory: /home/Leodoras/Dev/Coditary/core/Tuinator
"tuinator-tests" start time: Sep 06 19:24 CEST
Output:
----------------------------------------------------------
[....] text_display_width_ascii OK
[....] text_byte_length_matches_width OK
[....] text_string_view_from_buffer OK
[....] text_display_width_emoji_and_variation_selector OK
[....] text_substr_view_must_not_use_temp_string OK
[....] memory_backend_snapshot_and_resize OK
[....] memory_backend_event_queue OK
[....] inline_backend_draw_and_size [?25l[5;1H[2K[0m[32minline[0m[5;1H[2K[6;1H[2K[7;1H[2K[8;1H[2K[?25hOK
[....] inline_backend_relative_height_from_options [?25l
[?25hOK
[....] inline_backend_relative_redraw_erases_previous_band OK
[....] inline_backend_first_frame_does_not_cursor_up OK
[....] inline_backend_unchanged_frame_skips_extra_output OK
[....] inline_backend_true_color_rgb_sequences OK
[....] inline_backend_clear_on_shutdown_erases_band OK
[....] inline_backend_pin_to_bottom_uses_absolute_rows OK
[....] inline_backend_poll_event_times_out [?25l
[?25hOK
[....] inline_backend_keyboard_input_disabled_drains_without_events [?25l
[?25hOK
[....] inline_backend_keyboard_input_reads_enter_from_pipe OK
[....] inline_backend_keyboard_input_reads_escape_and_printable OK
[....] inline_backend_keyboard_input_ignores_unknown_bytes [?25l
[?25hOK
[....] inline_backend_stdin_pipe_drains_without_keyboard [?25l
[?25hOK
[....] inline_backend_partial_begin_frame_clears_dirty_region OK
[....] inline_backend_full_redraw_without_clear_keeps_buffer OK
[....] inline_backend_ansi_and_background_styles OK
[....] inline_backend_background_rgb_style OK
[....] inline_backend_draw_text_bounds_and_wide_grapheme OK
[....] inline_backend_max_height_clamps_band [?25l
[?25hOK
[....] inline_backend_absolute_partial_row_update OK
[....] inline_backend_second_frame_uses_kitty_sync OK
[....] inline_backend_init_and_shutdown_are_idempotent OK
[....] inline_backend_keyboard_input_reads_ctrl_and_backspace [?25l
[?25hOK
[....] inline_backend_poll_event_reads_keyboard_from_pipe [?25l
[?25hOK
[....] inline_backend_default_color_style OK
[....] inline_backend_create_factory_and_destructor OK
[....] flush_cli_output_smoke OK
[....] inline_view_region_size_matches_height OK
[....] inline_view_start_renders_label OK
[....] inline_view_finish_is_idempotent OK
[....] inline_scene_load_from_string OK
[....] inline_view_run_with_timer_updates_and_quits OK
[....] inline_view_present_skips_unchanged_frame OK
[....] inline_scene_button_quit_handler OK
[....] dirty_region_starts_full OK
[....] dirty_region_partial_union OK
[....] dirty_region_mark_full_clears_partial OK
[....] memory_backend_partial_begin_frame OK
[....] diff_fill_glyph_matches_neovim_fillchar OK
[....] diff_sign_glyph_matches_gitsigns_bar OK
[....] border_glyphs_for_each_set OK
[....] theme_carries_glyph_set OK
[....] canvas_draw_box_ascii_corners OK
[....] border_style_each_set_has_distinct_corners OK
[....] border_style_each_set_has_distinct_edges OK
[....] border_style_unicode_codepoints OK
[....] border_style_from_glyph_set_mapping OK
[....] glyph_set_backward_compat_maps_to_border_style OK
[....] theme_options_border_style_overrides_glyph_set OK
[....] block_element_descriptor_matches_enum_order OK
[....] block_element_glyph_ascii_fallback OK
[....] block_element_glyph_unicode_differs_from_ascii OK
[....] all_block_elements_lists_every_kind OK
[....] box_drawing_descriptor_matches_enum_order OK
[....] box_drawing_glyph_ascii_fallback OK
[....] box_drawing_glyph_unicode_differs_from_ascii OK
[....] all_box_drawings_lists_every_kind OK
[....] border_glyphs_from_box_drawing_builds_border OK
[....] border_glyphs_from_box_drawing_rounded_style OK
[....] file_icon_descriptor_matches_enum_order OK
[....] file_icon_for_extension_detects_languages OK
[....] file_icon_for_filename_special_cases OK
[....] file_icon_for_path_directories OK
[....] file_icon_glyph_ascii_fallback OK
[....] file_icon_glyph_unicode_differs_from_ascii OK
[....] file_icon_glyph_for_path_uses_basename OK
[....] file_icon_color_lua OK
[....] git_change_status_char_maps_porcelain_codes OK
[....] git_change_status_from_char_round_trip OK
[....] git_change_status_label OK
[....] git_change_status_color_uses_defaults OK
[....] git_change_status_color_respects_overrides OK
[....] ui_icon_descriptor_matches_enum_order OK
[....] ui_icon_uses_nerd_fonts_codepoints OK
[....] ui_icon_glyph_ascii_fallback OK
[....] ui_icon_glyph_unicode_differs_from_ascii OK
[....] ui_icon_from_nerd_name_lookup OK
[....] ui_icon_color_returns_theme_tint OK
[....] line_icon_categories_are_grouped OK
[....] line_icon_powerline_uses_nerd_fonts_codepoints OK
[....] line_icon_box_and_block_use_unicode_codepoints OK
[....] line_icon_glyph_ascii_fallback OK
[....] line_icon_from_nerd_name_lookup OK
[....] line_icons_in_category_lists_powerline_sets OK
[....] diff_glyph_helpers_delegate_to_line_icon OK
[....] weather_icon_total_count OK
[....] weather_icons_in_category_day OK
[....] weather_icon_category_nesting OK
[....] weather_icon_from_path_nested_lookup OK
[....] weather_icon_path_segments_are_nested OK
[....] weather_icon_no_longer_contains_clock_or_moon OK
[....] weather_icon_every_glyph_renders_non_empty OK
[....] nerd_icon_domains_cover_all_weather_font_glyphs OK
[....] nerd_icon_nested_paths_use_domain_prefixes OK
[....] nerd_icon_from_path_works_per_domain OK
[....] nerd_icon_catalog_gallery_renders_all_domains OK
[....] nerd_glyph_catalog_loads_all_exported_icons OK
[....] nerd_glyph_matrix_gallery_renders_domain_headers_and_glyph_rows OK
[....] nerd_glyph_matrix_columns_pack_multiple_icons_per_row OK
[....] ansi_terminal_buffer_renders_colored_text OK
[....] ansi_terminal_buffer_handles_carriage_return OK
[....] ansi_terminal_buffer_keeps_default_background_transparent OK
[....] ansi_terminal_buffer_reports_cursor_after_echoed_input OK
[....] ansi_terminal_buffer_tracks_cursor_callbacks OK
[....] ansi_terminal_buffer_uses_rgb_for_bold_blue OK
[....] ansi_terminal_buffer_paints_colored_cells_at_grid_columns OK
[....] label_centers_in_vbox OK
[....] label_regression_no_control_chars OK
[....] vbox_layout_assigns_bounds OK
[....] list_view_select_with_keys OK
[....] list_view_mouse_click_selects_row OK
[....] list_view_renders_selection_marker OK
[....] progress_bar_plain_renders_arrow OK
[....] progress_bar_filled_label_centers_text OK
[....] progress_bar_pulse_renders_placeholders OK
[....] progress_bar_shimmer_renders_label OK
[....] progress_bar_bounce_renders_brackets OK
[....] progress_bar_task_row_renders_percent_and_eta OK
[....] progress_bar_filled_label_indeterminate_animates OK
[....] progress_bar_tqdm_contains_fraction OK
[....] progress_bar_gradient_varies_across_columns OK
[....] progress_bar_bracketed_renders_caps OK
[....] slider_changes_with_arrow_keys OK
[....] spinner_changes_with_up_down OK
[....] combo_box_selects_item OK
[....] tree_view_expands_node OK
[....] menu_bar_has_items OK
[....] checkbox_named_style_exists OK
[....] checkbox_renders_custom_glyphs OK
[....] checkbox_toggles_with_space OK
[....] checkbox_style_sets_label_color OK
[....] checkbox_apply_style_copies_glyphs OK
[....] panel_hit_test_focusable_finds_nested_checkbox OK
[....] checkbox_focus_highlight_matches_text_width OK
[....] menu_mnemonic_parsing OK
[....] menu_bar_dropdown_renders_box OK
[....] menu_item_separator_factory OK
[....] menu_submenu_factory_has_children OK
[....] menu_bar_submenu_opens_to_the_right OK
[....] action_registry_matches_ctrl_shortcut OK
[....] command_palette_filters_entries OK
[....] context_menu_renders_at_anchor OK
[....] text_area_roundtrip_value OK
[....] text_area_inserts_and_splits_lines OK
[....] text_area_backspace_joins_lines OK
[....] text_area_paints_line_numbers_and_status OK
[....] text_area_mouse_click_moves_cursor OK
[....] text_area_custom_gutter_paints_symbols OK
[....] text_area_inserts_tab OK
[....] text_area_relative_gutter_uses_cursor_distance OK
[....] scrollbar_style_presets_provide_distinct_glyphs OK
[....] scrollbar_behavior_differs_from_style OK
[....] scrollbar_options_compose_config_behavior_and_style OK
[....] scrollbar_paints_vertical_track OK
[....] canvas_draw_text_clips_horizontally_scrolled_content OK
[....] scroll_view_horizontal_scroll_keeps_text_visible OK
[....] hbox_forwards_wheel_events_to_child_under_cursor OK
[....] scroll_view_mouse_click_on_row_label_toggles OK
[....] scroll_view_row_updates_cleanly_when_scrolling OK
[....] scroll_view_paints_scrollbars_for_tall_content OK
[....] scroll_view_maps_content_dirty_to_screen OK
[....] panel_forwards_dirty_callback_to_content OK
[....] text_area_enter_accepts_newline_character OK
[....] throbber_ascii_advances_frames OK
[....] throbber_named_dots_exists OK
[....] throbber_unknown_name_falls_back OK
[....] throbber_catalog_is_populated OK
[....] throbber_short_frame_clears_previous_cells OK
[....] big_text_block_has_area OK
[....] big_text_named_quadrant OK
[....] big_text_paints_block_glyph OK
[....] big_text_slant_contains_ascii_art OK
[....] big_text_catalog_is_populated OK
[....] big_text_shadow_uses_separate_style OK
[....] big_text_vertical_gradient_varies_by_row OK
[....] big_text_look_catalog_has_omarchy OK
[....] image_view_records_draw_request OK
[....] kitty_encoder_emits_graphics_sequence OK
[....] png_loader_reads_lenna_asset OK
[....] png_encoder_produces_signature OK
[....] pie_chart_renders_legend OK
[....] pie_chart_style_catalog_contains_braille OK
[....] pie_chart_adjust_slice_boundary OK
[....] pie_chart_braille_glyph_helper OK
[....] bar_chart_renders_vertical_blocks OK
[....] bar_chart_horizontal_orientation OK
[....] bar_chart_interactive_wheel OK
[....] bar_chart_braille_style_catalog OK
[....] line_chart_renders_line_mode OK
[....] line_chart_push_value_keeps_max_points OK
[....] line_chart_sparkline_mode OK
[....] line_chart_mirror_mode_renders OK
[....] line_chart_scatter_mode OK
[....] histogram_renders_bins OK
[....] heatmap_renders_grid OK
[....] gauge_chart_renders_value OK
[....] stacked_area_chart_renders OK
[....] waterfall_chart_renders_steps OK
[....] candlestick_chart_renders_ohlc OK
[....] source_control_panel_renders_header_and_entry OK
[....] source_control_panel_selection_callback OK
[....] status_line_renders_left_and_right_segments OK
[....] terminal_frame_renders_title_border_and_status_line OK
[....] terminal_frame_surface_matches_content_area OK
[....] terminal_frame_without_status_line_is_shorter OK

Result: 213 passed, 0 failed
<end of output>
Test time =   0.05 sec
----------------------------------------------------------
Test Passed.
"tuinator-tests" end time: Sep 06 19:24 CEST
"tuinator-tests" time elapsed: 00:00:00
----------------------------------------------------------

End testing: Sep 06 19:24 CEST
